<?xml version="1.0" encoding="UTF-8"?>
<!-- Generated by org.testng.reporters.JUnitReportReporter -->
<testsuite skipped="0" hostname="DESKTOP-5DH8K51" name="tests.addingAutomatedProductTest" tests="1" failures="0" timestamp="2020-10-24T16:23:17 EET" time="3.117" errors="0">
  <testcase name="userCanAddAutomatedProductSuccessfully" time="3.117" classname="tests.addingAutomatedProductTest"/>
  <system-out/>
</testsuite> <!-- tests.addingAutomatedProductTest -->
